Solid Edge Translation to STEP
Date: Saturday,April 08,2023 09:10AM
Output File: N:\Projects\220716 A550 Breakfast Maker\GitHub\Axis 5and6 Gripper Assembly.stp
Author: Unknown
Organization: Unknown
Source System: Solid Edge

Hardware:
Processor: AMD Ryzen 5 3600 6-Core Processor              
Operating System: Windows 10 Version:21H2 Build:19044 System Type:64-bit
Installed Memory: 15.92 GB

Software Information
Parasolid Version: 35.0.149
PSBodyShop Version: 35.0.82
Step Adapter Version: 11.0.82
Solid Edge Version: 223.00.00.101 x64

STEP Export Options
Export Format: AP214
Export Construction Sheets: Off
Export Construction Solids: Off
Export Construction Wires: Off
Export Displayed Parts Only: Off
Export Units: Millimeters
Export Part Component Names As Unicode: Off
Export PMI: Off

Phase 1 of 1 Translating Parasolid to foreign data types...
Translation process completed
Time required to translate:00 : 00 : 09
